Using pre-set license

 COMMAND LINE ARGUMENTS:
/Applications/Unity/Hub/Editor/2020.3.0f1/Unity.app/Contents/MacOS/Unity
-adb2
-batchMode
-noUpm
-name
AssetImportWorker0
-projectPath
/Users/beyzanur/Desktop/Games/Balance Game
-logFile
Logs/AssetImportWorker0.log
-srvPort
50455
Successfully changed project path to: /Users/beyzanur/Desktop/Games/Balance Game
/Users/beyzanur/Desktop/Games/Balance Game
Using Asset Import Pipeline V2.
Refreshing native plugins compatible for Editor in 103.99 ms, found 1 plugins.
Preloading 0 native plugins for Editor in 0.00 ms.
Initialize engine version: 2020.3.0f1 (c7b5465681fb)
[Subsystems] Discovering subsystems at path /Applications/Unity/Hub/Editor/2020.3.0f1/Unity.app/Contents/Resources/UnitySubsystems
[Subsystems] Discovering subsystems at path /Users/beyzanur/Desktop/Games/Balance Game/Assets
GfxDevice: creating device client; threaded=0
2022-01-07 14:08:03.214 Unity[4180:111112] Color LCD preferred device: Intel(R) Iris(TM) Graphics 6100 (low power)
2022-01-07 14:08:03.214 Unity[4180:111112] Metal devices available: 1
2022-01-07 14:08:03.215 Unity[4180:111112] 0: Intel(R) Iris(TM) Graphics 6100 (low power)
2022-01-07 14:08:03.215 Unity[4180:111112] Using device Intel(R) Iris(TM) Graphics 6100 (low power)
Initializing Metal device caps: Intel(R) Iris(TM) Graphics 6100
Initialize mono
Mono path[0] = '/Applications/Unity/Hub/Editor/2020.3.0f1/Unity.app/Contents/Managed'
Mono path[1] = '/Applications/Unity/Hub/Editor/2020.3.0f1/Unity.app/Contents/MonoBleedingEdge/lib/mono/unityjit'
Mono config path = '/Applications/Unity/Hub/Editor/2020.3.0f1/Unity.app/Contents/MonoBleedingEdge/etc'
Using monoOptions --debugger-agent=transport=dt_socket,embedding=1,server=y,suspend=n,address=127.0.0.1:56180
Begin MonoManager ReloadAssembly
Registering precompiled unity dll's ...
Register platform support module: /Applications/Unity/Hub/Editor/2020.3.0f1/Unity.app/Contents/PlaybackEngines/MacStandaloneSupport/UnityEditor.OSXStandalone.Extensions.dll
Registered in 0.002971 seconds.
Native extension for OSXStandalone target not found
Refreshing native plugins compatible for Editor in 84.04 ms, found 1 plugins.
Preloading 0 native plugins for Editor in 0.00 ms.
Invoked RoslynAnalysisRunner static constructor.
RoslynAnalysisRunner will not be running.
RoslynAnalysisRunner has terminated.
Mono: successfully reloaded assembly
- Completed reload, in  4.195 seconds
Platform modules already initialized, skipping
Registering precompiled user dll's ...
Registered in 0.006648 seconds.
Begin MonoManager ReloadAssembly
Native extension for OSXStandalone target not found
Refreshing native plugins compatible for Editor in 84.31 ms, found 1 plugins.
Preloading 0 native plugins for Editor in 0.00 ms.
WARNING: RGBA Compressed PVRTC 4BPP sRGB format is not supported, decompressing texture
Invoked RoslynAnalysisRunner static constructor.
RoslynAnalysisRunner will not be running.
RoslynAnalysisRunner has terminated.
Mono: successfully reloaded assembly
- Completed reload, in  1.687 seconds
Platform modules already initialized, skipping
========================================================================
Worker process is ready to serve import requests
Shader 'Universal Render Pipeline/Particles/Lit': fallback shader 'Universal Render Pipeline/Particles/SimpleLit' not found
Shader 'Universal Render Pipeline/Particles/Lit': fallback shader 'Universal Render Pipeline/Particles/SimpleLit' not found
Launching external process: /Applications/Unity/Hub/Editor/2020.3.0f1/Unity.app/Contents/Tools/UnityShaderCompiler
Launched and connected shader compiler UnityShaderCompiler after 0.03 seconds
Refreshing native plugins compatible for Editor in 0.67 ms, found 1 plugins.
Preloading 0 native plugins for Editor in 0.00 ms.
Unloading 2921 Unused Serialized files (Serialized files now loaded: 0)
System memory in use before: 200.3 MB.
System memory in use after: 197.9 MB.

Unloading 53 unused Assets to reduce memory usage. Loaded Objects now: 3336.
Total: 4.399766 ms (FindLiveObjects: 0.366327 ms CreateObjectMapping: 0.123496 ms MarkObjects: 2.034570 ms  DeleteObjects: 1.873439 ms)

========================================================================
Received Import Request.
  path: Assets/Models/Tightrope_Walking/Pizza_Girl/tbrender_Viewport.png
  artifactKey: Guid(07c97d1e5ef1f44369b4f653ac6b8416) Importer(815301076,1909f56bfc062723c751e8b465ee728b)
Start importing Assets/Models/Tightrope_Walking/Pizza_Girl/tbrender_Viewport.png using Guid(07c97d1e5ef1f44369b4f653ac6b8416) Importer(815301076,1909f56bfc062723c751e8b465ee728b)  -> (artifact id: 'b804b52eb673aa7b1389c1ca07cdd870') in 1.450421 seconds
  Import took 1.459725 seconds .

========================================================================
Received Import Request.
  Time since last request: 0.000312 seconds.
  path: Assets/Plugins/Demigiant/DOTweenPro Examples/Examples Assets/dotweenpro_logo.png
  artifactKey: Guid(44a054df1702e39458b7072b08d0f212) Importer(815301076,1909f56bfc062723c751e8b465ee728b)
Start importing Assets/Plugins/Demigiant/DOTweenPro Examples/Examples Assets/dotweenpro_logo.png using Guid(44a054df1702e39458b7072b08d0f212) Importer(815301076,1909f56bfc062723c751e8b465ee728b)  -> (artifact id: '980481049d37520129ba41c9028e4050') in 0.015345 seconds
  Import took 0.022102 seconds .

========================================================================
Received Import Request.
  Time since last request: 0.000609 seconds.
  path: Assets/Models/Tightrope_Walking/Pizza_Girl/Skate_Girl_lp01_Gears_Mat_MetallicSmoothness.tga
  artifactKey: Guid(56c4dfc6f1e0f4823b5b31673d448572) Importer(815301076,1909f56bfc062723c751e8b465ee728b)
Start importing Assets/Models/Tightrope_Walking/Pizza_Girl/Skate_Girl_lp01_Gears_Mat_MetallicSmoothness.tga using Guid(56c4dfc6f1e0f4823b5b31673d448572) Importer(815301076,1909f56bfc062723c751e8b465ee728b)  -> (artifact id: '25bc680e7d5a05cb9cef6dedd24ee101') in 1.438745 seconds
  Import took 1.447505 seconds .

========================================================================
Received Import Request.
  Time since last request: 0.000289 seconds.
  path: Assets/Models/Tightrope_Walking/Pizza_Girl/Skate_Girl_lp01_Skate_Shoes_Mat_MetallicSmoothness.tga
  artifactKey: Guid(c1e594d37d3d04f8cb56baf8e17c02f4) Importer(815301076,1909f56bfc062723c751e8b465ee728b)
Start importing Assets/Models/Tightrope_Walking/Pizza_Girl/Skate_Girl_lp01_Skate_Shoes_Mat_MetallicSmoothness.tga using Guid(c1e594d37d3d04f8cb56baf8e17c02f4) Importer(815301076,1909f56bfc062723c751e8b465ee728b)  -> (artifact id: '881706d3e48ab953d77c8717d1e95187') in 0.022835 seconds
  Import took 0.030227 seconds .

========================================================================
Received Import Request.
  Time since last request: 0.000362 seconds.
  path: Assets/Models/Tightrope_Walking/Pizza_Girl/Skate_Girl_lp01_Gears_Mat_Normal.tga
  artifactKey: Guid(e394472420230459eb349feff4e0547d) Importer(815301076,1909f56bfc062723c751e8b465ee728b)
Start importing Assets/Models/Tightrope_Walking/Pizza_Girl/Skate_Girl_lp01_Gears_Mat_Normal.tga using Guid(e394472420230459eb349feff4e0547d) Importer(815301076,1909f56bfc062723c751e8b465ee728b)  -> (artifact id: '68af8d0429f0b92f5937fe39fec58f00') in 0.029591 seconds
  Import took 0.041353 seconds .

========================================================================
Received Import Request.
  Time since last request: 0.000280 seconds.
  path: Assets/Models/Tightrope_Walking/Pizza_Girl/Skate_Girl_lp01_Gears_Mat_AlbedoTransparency.tga
  artifactKey: Guid(6cfb30a588027477280135a6b38aa4f2) Importer(815301076,1909f56bfc062723c751e8b465ee728b)
Start importing Assets/Models/Tightrope_Walking/Pizza_Girl/Skate_Girl_lp01_Gears_Mat_AlbedoTransparency.tga using Guid(6cfb30a588027477280135a6b38aa4f2) Importer(815301076,1909f56bfc062723c751e8b465ee728b)  -> (artifact id: '16d407f17b587ae6463e5675d00ca2f7') in 0.035198 seconds
  Import took 0.043853 seconds .

========================================================================
Received Import Request.
  Time since last request: 0.000432 seconds.
  path: Assets/Models/Tightrope_Walking/Pizza_Girl/Girl_Body_MetallicSmoothness.tga
  artifactKey: Guid(d0a07a94a7bf34362b8a946f23466331) Importer(815301076,1909f56bfc062723c751e8b465ee728b)
Start importing Assets/Models/Tightrope_Walking/Pizza_Girl/Girl_Body_MetallicSmoothness.tga using Guid(d0a07a94a7bf34362b8a946f23466331) Importer(815301076,1909f56bfc062723c751e8b465ee728b)  -> (artifact id: '84189db44970ebed5767da2d82fd3221') in 0.031680 seconds
  Import took 0.043190 seconds .

========================================================================
Received Import Request.
  Time since last request: 0.000312 seconds.
  path: Assets/Models/Tightrope_Walking/Pizza_Girl/Skate_Girl_lp01_Skate_Shoes_Mat_Normal.tga
  artifactKey: Guid(e07829714430b4f268ddf937e37734bd) Importer(815301076,1909f56bfc062723c751e8b465ee728b)
Start importing Assets/Models/Tightrope_Walking/Pizza_Girl/Skate_Girl_lp01_Skate_Shoes_Mat_Normal.tga using Guid(e07829714430b4f268ddf937e37734bd) Importer(815301076,1909f56bfc062723c751e8b465ee728b)  -> (artifact id: 'b46f09ec05a4530a4ff5c7ccf2e477fe') in 0.027247 seconds
  Import took 0.034434 seconds .

========================================================================
Received Import Request.
  Time since last request: 0.000269 seconds.
  path: Assets/Models/Tightrope_Walking/Pizza_Girl/Skate_Girl_lp01_Skate_Shoes_Mat_AlbedoTransparency.tga
  artifactKey: Guid(cca719fdc0545462cb3260c77587f61b) Importer(815301076,1909f56bfc062723c751e8b465ee728b)
Start importing Assets/Models/Tightrope_Walking/Pizza_Girl/Skate_Girl_lp01_Skate_Shoes_Mat_AlbedoTransparency.tga using Guid(cca719fdc0545462cb3260c77587f61b) Importer(815301076,1909f56bfc062723c751e8b465ee728b)  -> (artifact id: 'b4c91829db737585076e912f28665b0e') in 0.052542 seconds
  Import took 0.063418 seconds .

========================================================================
Received Import Request.
  Time since last request: 0.000388 seconds.
  path: Assets/Models/Tightrope_Walking/Pizza_Girl/Girl_Body_AlbedoTransparency.tga
  artifactKey: Guid(e7b302eae9431471d9be3e21f1db93c1) Importer(815301076,1909f56bfc062723c751e8b465ee728b)
Start importing Assets/Models/Tightrope_Walking/Pizza_Girl/Girl_Body_AlbedoTransparency.tga using Guid(e7b302eae9431471d9be3e21f1db93c1) Importer(815301076,1909f56bfc062723c751e8b465ee728b)  -> (artifact id: '981ed2097f2cceb46427ac4024d34067') in 0.025249 seconds
  Import took 0.035418 seconds .

========================================================================
Received Import Request.
  Time since last request: 0.000266 seconds.
  path: Assets/Models/Tightrope_Walking/Pizza_Girl/Girl_Body_Normal.tga
  artifactKey: Guid(de927b93e8ec74a3f92f49516e9c7f00) Importer(815301076,1909f56bfc062723c751e8b465ee728b)
Start importing Assets/Models/Tightrope_Walking/Pizza_Girl/Girl_Body_Normal.tga using Guid(de927b93e8ec74a3f92f49516e9c7f00) Importer(815301076,1909f56bfc062723c751e8b465ee728b)  -> (artifact id: '2f6b3ab98d36aebe89911a85bd37293a') in 0.037482 seconds
  Import took 0.045935 seconds .

========================================================================
Received Prepare
Registering precompiled user dll's ...
Registered in 0.003395 seconds.
Begin MonoManager ReloadAssembly
Native extension for OSXStandalone target not found
Refreshing native plugins compatible for Editor in 0.59 ms, found 1 plugins.
Preloading 0 native plugins for Editor in 0.00 ms.
Invoked RoslynAnalysisRunner static constructor.
RoslynAnalysisRunner will not be running.
RoslynAnalysisRunner has terminated.
Mono: successfully reloaded assembly
- Completed reload, in  1.695 seconds
Platform modules already initialized, skipping
Switching build target platform(2) subTarget(0) extendedPlatform(0) -> platform(9) subTarget(16777218) extendedPlatform(0)
Shader 'Universal Render Pipeline/Particles/Lit': fallback shader 'Universal Render Pipeline/Particles/SimpleLit' not found
Shader 'Universal Render Pipeline/Particles/Lit': fallback shader 'Universal Render Pipeline/Particles/SimpleLit' not found
Refreshing native plugins compatible for Editor in 1.62 ms, found 1 plugins.
Preloading 0 native plugins for Editor in 0.00 ms.
Unloading 2836 Unused Serialized files (Serialized files now loaded: 0)
System memory in use before: 206.5 MB.
System memory in use after: 204.1 MB.

Unloading 48 unused Assets to reduce memory usage. Loaded Objects now: 3349.
Total: 4.260513 ms (FindLiveObjects: 0.380366 ms CreateObjectMapping: 0.125168 ms MarkObjects: 2.005945 ms  DeleteObjects: 1.746704 ms)

AssetImportParameters requested are different than current active one (requested -> active):
  custom:graphics/normal-map-encoding: 01000000000000000000000000000000 -> 02000000000000000000000000000000
========================================================================
Received Prepare
Registering precompiled user dll's ...
Registered in 0.002251 seconds.
Begin MonoManager ReloadAssembly
Native extension for OSXStandalone target not found
Refreshing native plugins compatible for Editor in 0.59 ms, found 1 plugins.
Preloading 0 native plugins for Editor in 0.00 ms.
Invoked RoslynAnalysisRunner static constructor.
RoslynAnalysisRunner will not be running.
RoslynAnalysisRunner has terminated.
Mono: successfully reloaded assembly
- Completed reload, in  1.417 seconds
Platform modules already initialized, skipping
Switching build target platform(2) subTarget(0) extendedPlatform(0) -> platform(9) subTarget(16777218) extendedPlatform(0)
Shader 'Universal Render Pipeline/Particles/Lit': fallback shader 'Universal Render Pipeline/Particles/SimpleLit' not found
Shader 'Universal Render Pipeline/Particles/Lit': fallback shader 'Universal Render Pipeline/Particles/SimpleLit' not found
Refreshing native plugins compatible for Editor in 0.63 ms, found 1 plugins.
Preloading 0 native plugins for Editor in 0.00 ms.
Unloading 2836 Unused Serialized files (Serialized files now loaded: 0)
System memory in use before: 206.7 MB.
System memory in use after: 204.3 MB.

Unloading 48 unused Assets to reduce memory usage. Loaded Objects now: 3352.
Total: 5.435589 ms (FindLiveObjects: 0.543144 ms CreateObjectMapping: 0.222020 ms MarkObjects: 2.654852 ms  DeleteObjects: 2.013542 ms)

AssetImportParameters requested are different than current active one (requested -> active):
  custom:graphics/normal-map-encoding: 01000000000000000000000000000000 -> 02000000000000000000000000000000
========================================================================
Received Prepare
Registering precompiled user dll's ...
Registered in 0.003953 seconds.
Begin MonoManager ReloadAssembly
Native extension for OSXStandalone target not found
Refreshing native plugins compatible for Editor in 0.61 ms, found 1 plugins.
Preloading 0 native plugins for Editor in 0.00 ms.
Invoked RoslynAnalysisRunner static constructor.
RoslynAnalysisRunner will not be running.
RoslynAnalysisRunner has terminated.
Mono: successfully reloaded assembly
- Completed reload, in  1.421 seconds
Platform modules already initialized, skipping
Switching build target platform(2) subTarget(0) extendedPlatform(0) -> platform(9) subTarget(16777218) extendedPlatform(0)
Shader 'Universal Render Pipeline/Particles/Lit': fallback shader 'Universal Render Pipeline/Particles/SimpleLit' not found
Shader 'Universal Render Pipeline/Particles/Lit': fallback shader 'Universal Render Pipeline/Particles/SimpleLit' not found
Refreshing native plugins compatible for Editor in 0.86 ms, found 1 plugins.
Preloading 0 native plugins for Editor in 0.00 ms.
Unloading 2836 Unused Serialized files (Serialized files now loaded: 0)
System memory in use before: 206.9 MB.
System memory in use after: 204.5 MB.

Unloading 48 unused Assets to reduce memory usage. Loaded Objects now: 3355.
Total: 5.488703 ms (FindLiveObjects: 0.697320 ms CreateObjectMapping: 0.454591 ms MarkObjects: 2.287806 ms  DeleteObjects: 2.047220 ms)

AssetImportParameters requested are different than current active one (requested -> active):
  custom:graphics/normal-map-encoding: 01000000000000000000000000000000 -> 02000000000000000000000000000000
========================================================================
Received Prepare
Registering precompiled user dll's ...
Registered in 0.006617 seconds.
Begin MonoManager ReloadAssembly
Native extension for OSXStandalone target not found
Refreshing native plugins compatible for Editor in 0.76 ms, found 1 plugins.
Preloading 0 native plugins for Editor in 0.00 ms.
Invoked RoslynAnalysisRunner static constructor.
RoslynAnalysisRunner will not be running.
RoslynAnalysisRunner has terminated.
Mono: successfully reloaded assembly
- Completed reload, in  1.945 seconds
Platform modules already initialized, skipping
Switching build target platform(2) subTarget(0) extendedPlatform(0) -> platform(9) subTarget(16777218) extendedPlatform(0)
Shader 'Universal Render Pipeline/Particles/Lit': fallback shader 'Universal Render Pipeline/Particles/SimpleLit' not found
Shader 'Universal Render Pipeline/Particles/Lit': fallback shader 'Universal Render Pipeline/Particles/SimpleLit' not found
Refreshing native plugins compatible for Editor in 0.74 ms, found 1 plugins.
Preloading 0 native plugins for Editor in 0.00 ms.
Unloading 2836 Unused Serialized files (Serialized files now loaded: 0)
System memory in use before: 207.1 MB.
System memory in use after: 204.8 MB.

Unloading 48 unused Assets to reduce memory usage. Loaded Objects now: 3358.
Total: 6.359982 ms (FindLiveObjects: 0.509890 ms CreateObjectMapping: 0.271088 ms MarkObjects: 2.398171 ms  DeleteObjects: 3.178703 ms)

AssetImportParameters requested are different than current active one (requested -> active):
  custom:graphics/normal-map-encoding: 01000000000000000000000000000000 -> 02000000000000000000000000000000
========================================================================
Received Prepare
Registering precompiled user dll's ...
Registered in 0.002181 seconds.
Begin MonoManager ReloadAssembly
Native extension for OSXStandalone target not found
Refreshing native plugins compatible for Editor in 0.82 ms, found 1 plugins.
Preloading 0 native plugins for Editor in 0.00 ms.
Invoked RoslynAnalysisRunner static constructor.
RoslynAnalysisRunner will not be running.
RoslynAnalysisRunner has terminated.
Mono: successfully reloaded assembly
- Completed reload, in  1.878 seconds
Platform modules already initialized, skipping
Switching build target platform(2) subTarget(0) extendedPlatform(0) -> platform(9) subTarget(16777218) extendedPlatform(0)
Shader 'Universal Render Pipeline/Particles/Lit': fallback shader 'Universal Render Pipeline/Particles/SimpleLit' not found
Shader 'Universal Render Pipeline/Particles/Lit': fallback shader 'Universal Render Pipeline/Particles/SimpleLit' not found
Refreshing native plugins compatible for Editor in 0.68 ms, found 1 plugins.
Preloading 0 native plugins for Editor in 0.00 ms.
Unloading 2836 Unused Serialized files (Serialized files now loaded: 0)
System memory in use before: 207.3 MB.
System memory in use after: 205.0 MB.

Unloading 48 unused Assets to reduce memory usage. Loaded Objects now: 3361.
Total: 4.989312 ms (FindLiveObjects: 0.477444 ms CreateObjectMapping: 0.249021 ms MarkObjects: 2.284723 ms  DeleteObjects: 1.975369 ms)

AssetImportParameters requested are different than current active one (requested -> active):
  custom:graphics/normal-map-encoding: 01000000000000000000000000000000 -> 02000000000000000000000000000000
========================================================================
Received Prepare
Registering precompiled user dll's ...
Registered in 0.013858 seconds.
Begin MonoManager ReloadAssembly
Native extension for OSXStandalone target not found
Refreshing native plugins compatible for Editor in 0.97 ms, found 1 plugins.
Preloading 0 native plugins for Editor in 0.00 ms.
Invoked RoslynAnalysisRunner static constructor.
RoslynAnalysisRunner will not be running.
RoslynAnalysisRunner has terminated.
Mono: successfully reloaded assembly
- Completed reload, in  1.474 seconds
Platform modules already initialized, skipping
Switching build target platform(2) subTarget(0) extendedPlatform(0) -> platform(9) subTarget(16777218) extendedPlatform(0)
Shader 'Universal Render Pipeline/Particles/Lit': fallback shader 'Universal Render Pipeline/Particles/SimpleLit' not found
Shader 'Universal Render Pipeline/Particles/Lit': fallback shader 'Universal Render Pipeline/Particles/SimpleLit' not found
Refreshing native plugins compatible for Editor in 0.59 ms, found 1 plugins.
Preloading 0 native plugins for Editor in 0.00 ms.
Unloading 2836 Unused Serialized files (Serialized files now loaded: 0)
System memory in use before: 207.6 MB.
System memory in use after: 205.2 MB.

Unloading 48 unused Assets to reduce memory usage. Loaded Objects now: 3364.
Total: 5.818132 ms (FindLiveObjects: 0.581515 ms CreateObjectMapping: 0.217508 ms MarkObjects: 2.667015 ms  DeleteObjects: 2.349898 ms)

AssetImportParameters requested are different than current active one (requested -> active):
  custom:graphics/normal-map-encoding: 01000000000000000000000000000000 -> 02000000000000000000000000000000
========================================================================
Received Prepare
Registering precompiled user dll's ...
Registered in 0.002435 seconds.
Begin MonoManager ReloadAssembly
Native extension for OSXStandalone target not found
Refreshing native plugins compatible for Editor in 0.69 ms, found 1 plugins.
Preloading 0 native plugins for Editor in 0.00 ms.
Invoked RoslynAnalysisRunner static constructor.
RoslynAnalysisRunner will not be running.
RoslynAnalysisRunner has terminated.
Mono: successfully reloaded assembly
- Completed reload, in  1.914 seconds
Platform modules already initialized, skipping
Switching build target platform(2) subTarget(0) extendedPlatform(0) -> platform(9) subTarget(16777218) extendedPlatform(0)
Shader 'Universal Render Pipeline/Particles/Lit': fallback shader 'Universal Render Pipeline/Particles/SimpleLit' not found
Shader 'Universal Render Pipeline/Particles/Lit': fallback shader 'Universal Render Pipeline/Particles/SimpleLit' not found
Refreshing native plugins compatible for Editor in 0.66 ms, found 1 plugins.
Preloading 0 native plugins for Editor in 0.00 ms.
Unloading 2836 Unused Serialized files (Serialized files now loaded: 0)
System memory in use before: 207.8 MB.
System memory in use after: 205.4 MB.

Unloading 48 unused Assets to reduce memory usage. Loaded Objects now: 3367.
Total: 7.353683 ms (FindLiveObjects: 0.964972 ms CreateObjectMapping: 0.338634 ms MarkObjects: 2.931170 ms  DeleteObjects: 3.115989 ms)

AssetImportParameters requested are different than current active one (requested -> active):
  custom:graphics/normal-map-encoding: 01000000000000000000000000000000 -> 02000000000000000000000000000000
========================================================================
Received Prepare
Registering precompiled user dll's ...
Registered in 0.002594 seconds.
Begin MonoManager ReloadAssembly
Native extension for OSXStandalone target not found
Refreshing native plugins compatible for Editor in 0.70 ms, found 1 plugins.
Preloading 0 native plugins for Editor in 0.00 ms.
Invoked RoslynAnalysisRunner static constructor.
RoslynAnalysisRunner will not be running.
RoslynAnalysisRunner has terminated.
Mono: successfully reloaded assembly
- Completed reload, in  1.981 seconds
Platform modules already initialized, skipping
Switching build target platform(2) subTarget(0) extendedPlatform(0) -> platform(9) subTarget(16777218) extendedPlatform(0)
Shader 'Universal Render Pipeline/Particles/Lit': fallback shader 'Universal Render Pipeline/Particles/SimpleLit' not found
Shader 'Universal Render Pipeline/Particles/Lit': fallback shader 'Universal Render Pipeline/Particles/SimpleLit' not found
Refreshing native plugins compatible for Editor in 2.55 ms, found 1 plugins.
Preloading 0 native plugins for Editor in 0.00 ms.
Unloading 2836 Unused Serialized files (Serialized files now loaded: 0)
System memory in use before: 208.2 MB.
System memory in use after: 205.8 MB.

Unloading 48 unused Assets to reduce memory usage. Loaded Objects now: 3370.
Total: 11.136318 ms (FindLiveObjects: 0.922142 ms CreateObjectMapping: 0.525320 ms MarkObjects: 4.439478 ms  DeleteObjects: 5.246647 ms)

AssetImportParameters requested are different than current active one (requested -> active):
  custom:graphics/normal-map-encoding: 01000000000000000000000000000000 -> 02000000000000000000000000000000
========================================================================
Received Prepare
Registering precompiled user dll's ...
Registered in 0.004955 seconds.
Begin MonoManager ReloadAssembly
Native extension for OSXStandalone target not found
Refreshing native plugins compatible for Editor in 0.67 ms, found 1 plugins.
Preloading 0 native plugins for Editor in 0.00 ms.
Invoked RoslynAnalysisRunner static constructor.
RoslynAnalysisRunner will not be running.
RoslynAnalysisRunner has terminated.
Mono: successfully reloaded assembly
- Completed reload, in  1.537 seconds
Platform modules already initialized, skipping
Switching build target platform(2) subTarget(0) extendedPlatform(0) -> platform(9) subTarget(16777218) extendedPlatform(0)
Shader 'Universal Render Pipeline/Particles/Lit': fallback shader 'Universal Render Pipeline/Particles/SimpleLit' not found
Shader 'Universal Render Pipeline/Particles/Lit': fallback shader 'Universal Render Pipeline/Particles/SimpleLit' not found
Refreshing native plugins compatible for Editor in 0.60 ms, found 1 plugins.
Preloading 0 native plugins for Editor in 0.00 ms.
Unloading 2836 Unused Serialized files (Serialized files now loaded: 0)
System memory in use before: 208.4 MB.
System memory in use after: 206.0 MB.

Unloading 48 unused Assets to reduce memory usage. Loaded Objects now: 3373.
Total: 6.527502 ms (FindLiveObjects: 1.013025 ms CreateObjectMapping: 0.378205 ms MarkObjects: 2.951067 ms  DeleteObjects: 2.181237 ms)

AssetImportParameters requested are different than current active one (requested -> active):
  custom:graphics/normal-map-encoding: 01000000000000000000000000000000 -> 02000000000000000000000000000000
========================================================================
Received Prepare
Registering precompiled user dll's ...
Registered in 0.002688 seconds.
Begin MonoManager ReloadAssembly
Native extension for OSXStandalone target not found
Refreshing native plugins compatible for Editor in 0.66 ms, found 1 plugins.
Preloading 0 native plugins for Editor in 0.00 ms.
Invoked RoslynAnalysisRunner static constructor.
RoslynAnalysisRunner will not be running.
RoslynAnalysisRunner has terminated.
Mono: successfully reloaded assembly
- Completed reload, in  1.796 seconds
Platform modules already initialized, skipping
Switching build target platform(2) subTarget(0) extendedPlatform(0) -> platform(9) subTarget(16777218) extendedPlatform(0)
Shader 'Universal Render Pipeline/Particles/Lit': fallback shader 'Universal Render Pipeline/Particles/SimpleLit' not found
Shader 'Universal Render Pipeline/Particles/Lit': fallback shader 'Universal Render Pipeline/Particles/SimpleLit' not found
Refreshing native plugins compatible for Editor in 1.07 ms, found 1 plugins.
Preloading 0 native plugins for Editor in 0.00 ms.
Unloading 2836 Unused Serialized files (Serialized files now loaded: 0)
System memory in use before: 208.7 MB.
System memory in use after: 206.4 MB.

Unloading 48 unused Assets to reduce memory usage. Loaded Objects now: 3376.
Total: 8.718785 ms (FindLiveObjects: 0.990276 ms CreateObjectMapping: 0.370918 ms MarkObjects: 3.841668 ms  DeleteObjects: 3.513719 ms)

AssetImportParameters requested are different than current active one (requested -> active):
  custom:graphics/normal-map-encoding: 01000000000000000000000000000000 -> 02000000000000000000000000000000
========================================================================
Received Prepare
Registering precompiled user dll's ...
Registered in 0.003808 seconds.
Begin MonoManager ReloadAssembly
Native extension for OSXStandalone target not found
Refreshing native plugins compatible for Editor in 0.63 ms, found 1 plugins.
Preloading 0 native plugins for Editor in 0.00 ms.
Invoked RoslynAnalysisRunner static constructor.
RoslynAnalysisRunner will not be running.
RoslynAnalysisRunner has terminated.
Mono: successfully reloaded assembly
- Completed reload, in  1.435 seconds
Platform modules already initialized, skipping
Switching build target platform(2) subTarget(0) extendedPlatform(0) -> platform(9) subTarget(16777218) extendedPlatform(0)
Shader 'Universal Render Pipeline/Particles/Lit': fallback shader 'Universal Render Pipeline/Particles/SimpleLit' not found
Shader 'Universal Render Pipeline/Particles/Lit': fallback shader 'Universal Render Pipeline/Particles/SimpleLit' not found
Refreshing native plugins compatible for Editor in 0.62 ms, found 1 plugins.
Preloading 0 native plugins for Editor in 0.00 ms.
Unloading 2836 Unused Serialized files (Serialized files now loaded: 0)
System memory in use before: 208.9 MB.
System memory in use after: 206.6 MB.

Unloading 48 unused Assets to reduce memory usage. Loaded Objects now: 3379.
Total: 6.167411 ms (FindLiveObjects: 0.583886 ms CreateObjectMapping: 0.299429 ms MarkObjects: 2.495146 ms  DeleteObjects: 2.787349 ms)

AssetImportParameters requested are different than current active one (requested -> active):
  custom:graphics/normal-map-encoding: 01000000000000000000000000000000 -> 02000000000000000000000000000000
========================================================================
Received Prepare
Registering precompiled user dll's ...
Registered in 0.007377 seconds.
Begin MonoManager ReloadAssembly
Native extension for OSXStandalone target not found
Refreshing native plugins compatible for Editor in 0.70 ms, found 1 plugins.
Preloading 0 native plugins for Editor in 0.00 ms.
Invoked RoslynAnalysisRunner static constructor.
RoslynAnalysisRunner will not be running.
RoslynAnalysisRunner has terminated.
Mono: successfully reloaded assembly
- Completed reload, in  1.639 seconds
Platform modules already initialized, skipping
Switching build target platform(2) subTarget(0) extendedPlatform(0) -> platform(9) subTarget(16777218) extendedPlatform(0)
Shader 'Universal Render Pipeline/Particles/Lit': fallback shader 'Universal Render Pipeline/Particles/SimpleLit' not found
Shader 'Universal Render Pipeline/Particles/Lit': fallback shader 'Universal Render Pipeline/Particles/SimpleLit' not found
Refreshing native plugins compatible for Editor in 0.72 ms, found 1 plugins.
Preloading 0 native plugins for Editor in 0.00 ms.
Unloading 2836 Unused Serialized files (Serialized files now loaded: 0)
System memory in use before: 209.1 MB.
System memory in use after: 206.8 MB.

Unloading 48 unused Assets to reduce memory usage. Loaded Objects now: 3382.
Total: 5.856642 ms (FindLiveObjects: 0.567298 ms CreateObjectMapping: 0.219586 ms MarkObjects: 2.861598 ms  DeleteObjects: 2.206032 ms)

AssetImportParameters requested are different than current active one (requested -> active):
  custom:graphics/normal-map-encoding: 01000000000000000000000000000000 -> 02000000000000000000000000000000
========================================================================
Received Prepare
Registering precompiled user dll's ...
Registered in 0.002229 seconds.
Begin MonoManager ReloadAssembly
Native extension for OSXStandalone target not found
Refreshing native plugins compatible for Editor in 0.64 ms, found 1 plugins.
Preloading 0 native plugins for Editor in 0.00 ms.
Invoked RoslynAnalysisRunner static constructor.
RoslynAnalysisRunner will not be running.
RoslynAnalysisRunner has terminated.
Mono: successfully reloaded assembly
- Completed reload, in  1.476 seconds
Platform modules already initialized, skipping
Switching build target platform(2) subTarget(0) extendedPlatform(0) -> platform(9) subTarget(16777218) extendedPlatform(0)
Shader 'Universal Render Pipeline/Particles/Lit': fallback shader 'Universal Render Pipeline/Particles/SimpleLit' not found
Shader 'Universal Render Pipeline/Particles/Lit': fallback shader 'Universal Render Pipeline/Particles/SimpleLit' not found
Refreshing native plugins compatible for Editor in 0.69 ms, found 1 plugins.
Preloading 0 native plugins for Editor in 0.00 ms.
Unloading 2836 Unused Serialized files (Serialized files now loaded: 0)
System memory in use before: 209.5 MB.
System memory in use after: 207.1 MB.

Unloading 48 unused Assets to reduce memory usage. Loaded Objects now: 3385.
Total: 6.218520 ms (FindLiveObjects: 0.565950 ms CreateObjectMapping: 0.220660 ms MarkObjects: 2.995972 ms  DeleteObjects: 2.433586 ms)

AssetImportParameters requested are different than current active one (requested -> active):
  custom:graphics/normal-map-encoding: 01000000000000000000000000000000 -> 02000000000000000000000000000000
========================================================================
Received Prepare
Registering precompiled user dll's ...
Registered in 0.002565 seconds.
Begin MonoManager ReloadAssembly
Native extension for OSXStandalone target not found
Refreshing native plugins compatible for Editor in 0.70 ms, found 1 plugins.
Preloading 0 native plugins for Editor in 0.00 ms.
Invoked RoslynAnalysisRunner static constructor.
RoslynAnalysisRunner will not be running.
RoslynAnalysisRunner has terminated.
Mono: successfully reloaded assembly
- Completed reload, in  1.431 seconds
Platform modules already initialized, skipping
Switching build target platform(2) subTarget(0) extendedPlatform(0) -> platform(9) subTarget(16777218) extendedPlatform(0)
Shader 'Universal Render Pipeline/Particles/Lit': fallback shader 'Universal Render Pipeline/Particles/SimpleLit' not found
Shader 'Universal Render Pipeline/Particles/Lit': fallback shader 'Universal Render Pipeline/Particles/SimpleLit' not found
Refreshing native plugins compatible for Editor in 0.63 ms, found 1 plugins.
Preloading 0 native plugins for Editor in 0.00 ms.
Unloading 2836 Unused Serialized files (Serialized files now loaded: 0)
System memory in use before: 209.6 MB.
System memory in use after: 207.3 MB.

Unloading 48 unused Assets to reduce memory usage. Loaded Objects now: 3388.
Total: 5.375384 ms (FindLiveObjects: 0.543492 ms CreateObjectMapping: 0.227952 ms MarkObjects: 2.357761 ms  DeleteObjects: 2.243068 ms)

AssetImportParameters requested are different than current active one (requested -> active):
  custom:graphics/normal-map-encoding: 01000000000000000000000000000000 -> 02000000000000000000000000000000
========================================================================
Received Prepare
Registering precompiled user dll's ...
Registered in 0.002703 seconds.
Begin MonoManager ReloadAssembly
Native extension for OSXStandalone target not found
Refreshing native plugins compatible for Editor in 0.77 ms, found 1 plugins.
Preloading 0 native plugins for Editor in 0.00 ms.
Invoked RoslynAnalysisRunner static constructor.
RoslynAnalysisRunner will not be running.
RoslynAnalysisRunner has terminated.
Mono: successfully reloaded assembly
- Completed reload, in  1.629 seconds
Platform modules already initialized, skipping
Switching build target platform(2) subTarget(0) extendedPlatform(0) -> platform(9) subTarget(16777218) extendedPlatform(0)
Shader 'Universal Render Pipeline/Particles/Lit': fallback shader 'Universal Render Pipeline/Particles/SimpleLit' not found
Shader 'Universal Render Pipeline/Particles/Lit': fallback shader 'Universal Render Pipeline/Particles/SimpleLit' not found
Refreshing native plugins compatible for Editor in 0.60 ms, found 1 plugins.
Preloading 0 native plugins for Editor in 0.00 ms.
Unloading 2836 Unused Serialized files (Serialized files now loaded: 0)
System memory in use before: 210.0 MB.
System memory in use after: 207.7 MB.

Unloading 48 unused Assets to reduce memory usage. Loaded Objects now: 3391.
Total: 6.212709 ms (FindLiveObjects: 0.695375 ms CreateObjectMapping: 0.238040 ms MarkObjects: 2.467805 ms  DeleteObjects: 2.808492 ms)

AssetImportParameters requested are different than current active one (requested -> active):
  custom:graphics/normal-map-encoding: 01000000000000000000000000000000 -> 02000000000000000000000000000000
========================================================================
Received Prepare
Registering precompiled user dll's ...
Registered in 0.006848 seconds.
Begin MonoManager ReloadAssembly
Native extension for OSXStandalone target not found
Refreshing native plugins compatible for Editor in 0.69 ms, found 1 plugins.
Preloading 0 native plugins for Editor in 0.00 ms.
Invoked RoslynAnalysisRunner static constructor.
RoslynAnalysisRunner will not be running.
RoslynAnalysisRunner has terminated.
Mono: successfully reloaded assembly
- Completed reload, in  1.665 seconds
Platform modules already initialized, skipping
Switching build target platform(2) subTarget(0) extendedPlatform(0) -> platform(9) subTarget(16777218) extendedPlatform(0)
Shader 'Universal Render Pipeline/Particles/Lit': fallback shader 'Universal Render Pipeline/Particles/SimpleLit' not found
Shader 'Universal Render Pipeline/Particles/Lit': fallback shader 'Universal Render Pipeline/Particles/SimpleLit' not found
Refreshing native plugins compatible for Editor in 1.07 ms, found 1 plugins.
Preloading 0 native plugins for Editor in 0.00 ms.
Unloading 2836 Unused Serialized files (Serialized files now loaded: 0)
System memory in use before: 210.3 MB.
System memory in use after: 208.0 MB.

Unloading 48 unused Assets to reduce memory usage. Loaded Objects now: 3394.
Total: 6.261442 ms (FindLiveObjects: 0.927040 ms CreateObjectMapping: 0.306969 ms MarkObjects: 2.394705 ms  DeleteObjects: 2.629418 ms)

AssetImportParameters requested are different than current active one (requested -> active):
  custom:graphics/normal-map-encoding: 01000000000000000000000000000000 -> 02000000000000000000000000000000
========================================================================
Received Prepare
Registering precompiled user dll's ...
Registered in 0.002151 seconds.
Begin MonoManager ReloadAssembly
Native extension for OSXStandalone target not found
Refreshing native plugins compatible for Editor in 1.02 ms, found 1 plugins.
Preloading 0 native plugins for Editor in 0.00 ms.
Invoked RoslynAnalysisRunner static constructor.
RoslynAnalysisRunner will not be running.
RoslynAnalysisRunner has terminated.
Mono: successfully reloaded assembly
- Completed reload, in  1.823 seconds
Platform modules already initialized, skipping
Switching build target platform(2) subTarget(0) extendedPlatform(0) -> platform(9) subTarget(16777218) extendedPlatform(0)
Shader 'Universal Render Pipeline/Particles/Lit': fallback shader 'Universal Render Pipeline/Particles/SimpleLit' not found
Shader 'Universal Render Pipeline/Particles/Lit': fallback shader 'Universal Render Pipeline/Particles/SimpleLit' not found
Refreshing native plugins compatible for Editor in 0.61 ms, found 1 plugins.
Preloading 0 native plugins for Editor in 0.00 ms.
Unloading 2836 Unused Serialized files (Serialized files now loaded: 0)
System memory in use before: 210.5 MB.
System memory in use after: 208.1 MB.

Unloading 48 unused Assets to reduce memory usage. Loaded Objects now: 3397.
Total: 5.174523 ms (FindLiveObjects: 0.693600 ms CreateObjectMapping: 0.222950 ms MarkObjects: 2.093069 ms  DeleteObjects: 2.163076 ms)

AssetImportParameters requested are different than current active one (requested -> active):
  custom:graphics/normal-map-encoding: 01000000000000000000000000000000 -> 02000000000000000000000000000000
========================================================================
Received Prepare
Registering precompiled user dll's ...
Registered in 0.009737 seconds.
Begin MonoManager ReloadAssembly
Native extension for OSXStandalone target not found
Refreshing native plugins compatible for Editor in 1.90 ms, found 1 plugins.
Preloading 0 native plugins for Editor in 0.00 ms.
Invoked RoslynAnalysisRunner static constructor.
RoslynAnalysisRunner will not be running.
RoslynAnalysisRunner has terminated.
Mono: successfully reloaded assembly
- Completed reload, in  3.309 seconds
Platform modules already initialized, skipping
Switching build target platform(2) subTarget(0) extendedPlatform(0) -> platform(9) subTarget(16777218) extendedPlatform(0)
Shader 'Universal Render Pipeline/Particles/Lit': fallback shader 'Universal Render Pipeline/Particles/SimpleLit' not found
Shader 'Universal Render Pipeline/Particles/Lit': fallback shader 'Universal Render Pipeline/Particles/SimpleLit' not found
Refreshing native plugins compatible for Editor in 1.28 ms, found 1 plugins.
Preloading 0 native plugins for Editor in 0.00 ms.
Unloading 2836 Unused Serialized files (Serialized files now loaded: 0)
System memory in use before: 210.7 MB.
System memory in use after: 208.4 MB.

Unloading 48 unused Assets to reduce memory usage. Loaded Objects now: 3400.
Total: 13.469389 ms (FindLiveObjects: 0.515877 ms CreateObjectMapping: 0.443055 ms MarkObjects: 10.020794 ms  DeleteObjects: 2.487195 ms)

AssetImportParameters requested are different than current active one (requested -> active):
  custom:graphics/normal-map-encoding: 01000000000000000000000000000000 -> 02000000000000000000000000000000
========================================================================
Received Prepare
Registering precompiled user dll's ...
Registered in 0.003020 seconds.
Begin MonoManager ReloadAssembly
Native extension for OSXStandalone target not found
Refreshing native plugins compatible for Editor in 0.84 ms, found 1 plugins.
Preloading 0 native plugins for Editor in 0.00 ms.
Invoked RoslynAnalysisRunner static constructor.
RoslynAnalysisRunner will not be running.
RoslynAnalysisRunner has terminated.
Mono: successfully reloaded assembly
- Completed reload, in  1.489 seconds
Platform modules already initialized, skipping
Switching build target platform(2) subTarget(0) extendedPlatform(0) -> platform(9) subTarget(16777218) extendedPlatform(0)
Shader 'Universal Render Pipeline/Particles/Lit': fallback shader 'Universal Render Pipeline/Particles/SimpleLit' not found
Shader 'Universal Render Pipeline/Particles/Lit': fallback shader 'Universal Render Pipeline/Particles/SimpleLit' not found
Refreshing native plugins compatible for Editor in 0.60 ms, found 1 plugins.
Preloading 0 native plugins for Editor in 0.00 ms.
Unloading 2836 Unused Serialized files (Serialized files now loaded: 0)
System memory in use before: 211.0 MB.
System memory in use after: 208.7 MB.

Unloading 48 unused Assets to reduce memory usage. Loaded Objects now: 3403.
Total: 6.520555 ms (FindLiveObjects: 0.748833 ms CreateObjectMapping: 0.239367 ms MarkObjects: 3.248180 ms  DeleteObjects: 2.281476 ms)

AssetImportParameters requested are different than current active one (requested -> active):
  custom:graphics/normal-map-encoding: 01000000000000000000000000000000 -> 02000000000000000000000000000000
========================================================================
Received Prepare
Registering precompiled user dll's ...
Registered in 0.006498 seconds.
Begin MonoManager ReloadAssembly
Native extension for OSXStandalone target not found
Refreshing native plugins compatible for Editor in 0.82 ms, found 1 plugins.
Preloading 0 native plugins for Editor in 0.00 ms.
Invoked RoslynAnalysisRunner static constructor.
RoslynAnalysisRunner will not be running.
RoslynAnalysisRunner has terminated.
Mono: successfully reloaded assembly
- Completed reload, in  1.656 seconds
Platform modules already initialized, skipping
Switching build target platform(2) subTarget(0) extendedPlatform(0) -> platform(9) subTarget(16777218) extendedPlatform(0)
Shader 'Universal Render Pipeline/Particles/Lit': fallback shader 'Universal Render Pipeline/Particles/SimpleLit' not found
Shader 'Universal Render Pipeline/Particles/Lit': fallback shader 'Universal Render Pipeline/Particles/SimpleLit' not found
Refreshing native plugins compatible for Editor in 0.72 ms, found 1 plugins.
Preloading 0 native plugins for Editor in 0.00 ms.
Unloading 2836 Unused Serialized files (Serialized files now loaded: 0)
System memory in use before: 211.3 MB.
System memory in use after: 209.0 MB.

Unloading 48 unused Assets to reduce memory usage. Loaded Objects now: 3406.
Total: 6.580876 ms (FindLiveObjects: 0.739777 ms CreateObjectMapping: 0.287985 ms MarkObjects: 3.160731 ms  DeleteObjects: 2.388638 ms)

AssetImportParameters requested are different than current active one (requested -> active):
  custom:graphics/normal-map-encoding: 01000000000000000000000000000000 -> 02000000000000000000000000000000
========================================================================
Received Prepare
Registering precompiled user dll's ...
Registered in 0.002303 seconds.
Begin MonoManager ReloadAssembly
Native extension for OSXStandalone target not found
Refreshing native plugins compatible for Editor in 1.10 ms, found 1 plugins.
Preloading 0 native plugins for Editor in 0.00 ms.
Invoked RoslynAnalysisRunner static constructor.
RoslynAnalysisRunner will not be running.
RoslynAnalysisRunner has terminated.
Mono: successfully reloaded assembly
- Completed reload, in  1.698 seconds
Platform modules already initialized, skipping
Switching build target platform(2) subTarget(0) extendedPlatform(0) -> platform(9) subTarget(16777218) extendedPlatform(0)
Shader 'Universal Render Pipeline/Particles/Lit': fallback shader 'Universal Render Pipeline/Particles/SimpleLit' not found
Shader 'Universal Render Pipeline/Particles/Lit': fallback shader 'Universal Render Pipeline/Particles/SimpleLit' not found
Refreshing native plugins compatible for Editor in 0.69 ms, found 1 plugins.
Preloading 0 native plugins for Editor in 0.00 ms.
Unloading 2836 Unused Serialized files (Serialized files now loaded: 0)
System memory in use before: 211.5 MB.
System memory in use after: 209.2 MB.

Unloading 48 unused Assets to reduce memory usage. Loaded Objects now: 3409.
Total: 5.369395 ms (FindLiveObjects: 0.504939 ms CreateObjectMapping: 0.262118 ms MarkObjects: 2.373129 ms  DeleteObjects: 2.226455 ms)

AssetImportParameters requested are different than current active one (requested -> active):
  custom:graphics/normal-map-encoding: 01000000000000000000000000000000 -> 02000000000000000000000000000000
========================================================================
Received Prepare
Registering precompiled user dll's ...
Registered in 0.014747 seconds.
Begin MonoManager ReloadAssembly
Native extension for OSXStandalone target not found
Refreshing native plugins compatible for Editor in 0.70 ms, found 1 plugins.
Preloading 0 native plugins for Editor in 0.00 ms.
Invoked RoslynAnalysisRunner static constructor.
RoslynAnalysisRunner will not be running.
RoslynAnalysisRunner has terminated.
Mono: successfully reloaded assembly
- Completed reload, in  1.621 seconds
Platform modules already initialized, skipping
Switching build target platform(2) subTarget(0) extendedPlatform(0) -> platform(9) subTarget(16777218) extendedPlatform(0)
Shader 'Universal Render Pipeline/Particles/Lit': fallback shader 'Universal Render Pipeline/Particles/SimpleLit' not found
Shader 'Universal Render Pipeline/Particles/Lit': fallback shader 'Universal Render Pipeline/Particles/SimpleLit' not found
Refreshing native plugins compatible for Editor in 0.71 ms, found 1 plugins.
Preloading 0 native plugins for Editor in 0.00 ms.
Unloading 2836 Unused Serialized files (Serialized files now loaded: 0)
System memory in use before: 211.8 MB.
System memory in use after: 209.4 MB.

Unloading 48 unused Assets to reduce memory usage. Loaded Objects now: 3412.
Total: 5.941508 ms (FindLiveObjects: 0.543416 ms CreateObjectMapping: 0.281803 ms MarkObjects: 2.531986 ms  DeleteObjects: 2.582332 ms)

AssetImportParameters requested are different than current active one (requested -> active):
  custom:graphics/normal-map-encoding: 01000000000000000000000000000000 -> 02000000000000000000000000000000
========================================================================
Received Prepare
Registering precompiled user dll's ...
Registered in 0.003499 seconds.
Begin MonoManager ReloadAssembly
Native extension for OSXStandalone target not found
Refreshing native plugins compatible for Editor in 0.97 ms, found 1 plugins.
Preloading 0 native plugins for Editor in 0.00 ms.
Invoked RoslynAnalysisRunner static constructor.
RoslynAnalysisRunner will not be running.
RoslynAnalysisRunner has terminated.
Mono: successfully reloaded assembly
- Completed reload, in  1.757 seconds
Platform modules already initialized, skipping
Switching build target platform(2) subTarget(0) extendedPlatform(0) -> platform(9) subTarget(16777218) extendedPlatform(0)
Shader 'Universal Render Pipeline/Particles/Lit': fallback shader 'Universal Render Pipeline/Particles/SimpleLit' not found
Shader 'Universal Render Pipeline/Particles/Lit': fallback shader 'Universal Render Pipeline/Particles/SimpleLit' not found
Refreshing native plugins compatible for Editor in 0.60 ms, found 1 plugins.
Preloading 0 native plugins for Editor in 0.00 ms.
Unloading 2836 Unused Serialized files (Serialized files now loaded: 0)
System memory in use before: 211.9 MB.
System memory in use after: 209.6 MB.

Unloading 48 unused Assets to reduce memory usage. Loaded Objects now: 3415.
Total: 5.541691 ms (FindLiveObjects: 0.377516 ms CreateObjectMapping: 0.146800 ms MarkObjects: 2.577589 ms  DeleteObjects: 2.438272 ms)

AssetImportParameters requested are different than current active one (requested -> active):
  custom:graphics/normal-map-encoding: 01000000000000000000000000000000 -> 02000000000000000000000000000000
========================================================================
Received Prepare
Registering precompiled user dll's ...
Registered in 0.007731 seconds.
Begin MonoManager ReloadAssembly
Native extension for OSXStandalone target not found
Refreshing native plugins compatible for Editor in 1.33 ms, found 1 plugins.
Preloading 0 native plugins for Editor in 0.00 ms.
Invoked RoslynAnalysisRunner static constructor.
RoslynAnalysisRunner will not be running.
RoslynAnalysisRunner has terminated.
Mono: successfully reloaded assembly
- Completed reload, in  1.860 seconds
Platform modules already initialized, skipping
Switching build target platform(2) subTarget(0) extendedPlatform(0) -> platform(9) subTarget(16777218) extendedPlatform(0)
Shader 'Universal Render Pipeline/Particles/Lit': fallback shader 'Universal Render Pipeline/Particles/SimpleLit' not found
Shader 'Universal Render Pipeline/Particles/Lit': fallback shader 'Universal Render Pipeline/Particles/SimpleLit' not found
Refreshing native plugins compatible for Editor in 0.62 ms, found 1 plugins.
Preloading 0 native plugins for Editor in 0.00 ms.
Unloading 2836 Unused Serialized files (Serialized files now loaded: 0)
System memory in use before: 212.2 MB.
System memory in use after: 209.8 MB.

Unloading 48 unused Assets to reduce memory usage. Loaded Objects now: 3418.
Total: 5.446664 ms (FindLiveObjects: 0.745528 ms CreateObjectMapping: 0.314330 ms MarkObjects: 2.207412 ms  DeleteObjects: 2.177458 ms)

AssetImportParameters requested are different than current active one (requested -> active):
  custom:graphics/normal-map-encoding: 01000000000000000000000000000000 -> 02000000000000000000000000000000
========================================================================
Received Prepare
Registering precompiled user dll's ...
Registered in 0.002179 seconds.
Begin MonoManager ReloadAssembly
Native extension for OSXStandalone target not found
Refreshing native plugins compatible for Editor in 0.77 ms, found 1 plugins.
Preloading 0 native plugins for Editor in 0.00 ms.
Invoked RoslynAnalysisRunner static constructor.
RoslynAnalysisRunner will not be running.
RoslynAnalysisRunner has terminated.
Mono: successfully reloaded assembly
- Completed reload, in  1.673 seconds
Platform modules already initialized, skipping
Switching build target platform(2) subTarget(0) extendedPlatform(0) -> platform(9) subTarget(16777218) extendedPlatform(0)
Shader 'Universal Render Pipeline/Particles/Lit': fallback shader 'Universal Render Pipeline/Particles/SimpleLit' not found
Shader 'Universal Render Pipeline/Particles/Lit': fallback shader 'Universal Render Pipeline/Particles/SimpleLit' not found
Refreshing native plugins compatible for Editor in 0.66 ms, found 1 plugins.
Preloading 0 native plugins for Editor in 0.00 ms.
Unloading 2836 Unused Serialized files (Serialized files now loaded: 0)
System memory in use before: 212.4 MB.
System memory in use after: 210.0 MB.

Unloading 48 unused Assets to reduce memory usage. Loaded Objects now: 3421.
Total: 5.338921 ms (FindLiveObjects: 0.513636 ms CreateObjectMapping: 0.165313 ms MarkObjects: 2.192987 ms  DeleteObjects: 2.464133 ms)

AssetImportParameters requested are different than current active one (requested -> active):
  custom:graphics/normal-map-encoding: 01000000000000000000000000000000 -> 02000000000000000000000000000000
========================================================================
Received Prepare
Registering precompiled user dll's ...
Registered in 0.002756 seconds.
Begin MonoManager ReloadAssembly
Native extension for OSXStandalone target not found
Refreshing native plugins compatible for Editor in 1.11 ms, found 1 plugins.
Preloading 0 native plugins for Editor in 0.00 ms.
Invoked RoslynAnalysisRunner static constructor.
RoslynAnalysisRunner will not be running.
RoslynAnalysisRunner has terminated.
Mono: successfully reloaded assembly
- Completed reload, in  1.709 seconds
Platform modules already initialized, skipping
Switching build target platform(2) subTarget(0) extendedPlatform(0) -> platform(9) subTarget(16777218) extendedPlatform(0)
Shader 'Universal Render Pipeline/Particles/Lit': fallback shader 'Universal Render Pipeline/Particles/SimpleLit' not found
Shader 'Universal Render Pipeline/Particles/Lit': fallback shader 'Universal Render Pipeline/Particles/SimpleLit' not found
Refreshing native plugins compatible for Editor in 0.70 ms, found 1 plugins.
Preloading 0 native plugins for Editor in 0.00 ms.
Unloading 2836 Unused Serialized files (Serialized files now loaded: 0)
System memory in use before: 212.7 MB.
System memory in use after: 210.3 MB.

Unloading 48 unused Assets to reduce memory usage. Loaded Objects now: 3424.
Total: 5.829590 ms (FindLiveObjects: 0.588805 ms CreateObjectMapping: 0.309994 ms MarkObjects: 2.529693 ms  DeleteObjects: 2.399119 ms)

AssetImportParameters requested are different than current active one (requested -> active):
  custom:graphics/normal-map-encoding: 01000000000000000000000000000000 -> 02000000000000000000000000000000
========================================================================
Received Prepare
Registering precompiled user dll's ...
Registered in 0.003112 seconds.
Begin MonoManager ReloadAssembly
Native extension for OSXStandalone target not found
Refreshing native plugins compatible for Editor in 0.61 ms, found 1 plugins.
Preloading 0 native plugins for Editor in 0.00 ms.
Invoked RoslynAnalysisRunner static constructor.
RoslynAnalysisRunner will not be running.
RoslynAnalysisRunner has terminated.
Mono: successfully reloaded assembly
- Completed reload, in  1.561 seconds
Platform modules already initialized, skipping
Switching build target platform(2) subTarget(0) extendedPlatform(0) -> platform(9) subTarget(16777218) extendedPlatform(0)
Shader 'Universal Render Pipeline/Particles/Lit': fallback shader 'Universal Render Pipeline/Particles/SimpleLit' not found
Shader 'Universal Render Pipeline/Particles/Lit': fallback shader 'Universal Render Pipeline/Particles/SimpleLit' not found
Refreshing native plugins compatible for Editor in 0.75 ms, found 1 plugins.
Preloading 0 native plugins for Editor in 0.00 ms.
Unloading 2836 Unused Serialized files (Serialized files now loaded: 0)
System memory in use before: 212.9 MB.
System memory in use after: 210.6 MB.

Unloading 48 unused Assets to reduce memory usage. Loaded Objects now: 3427.
Total: 6.285573 ms (FindLiveObjects: 0.784380 ms CreateObjectMapping: 0.297484 ms MarkObjects: 2.876175 ms  DeleteObjects: 2.324724 ms)

AssetImportParameters requested are different than current active one (requested -> active):
  custom:graphics/normal-map-encoding: 01000000000000000000000000000000 -> 02000000000000000000000000000000
========================================================================
Received Prepare
Registering precompiled user dll's ...
Registered in 0.007980 seconds.
Begin MonoManager ReloadAssembly
Native extension for OSXStandalone target not found
Refreshing native plugins compatible for Editor in 0.82 ms, found 1 plugins.
Preloading 0 native plugins for Editor in 0.00 ms.
Invoked RoslynAnalysisRunner static constructor.
RoslynAnalysisRunner will not be running.
RoslynAnalysisRunner has terminated.
Mono: successfully reloaded assembly
- Completed reload, in  1.579 seconds
Platform modules already initialized, skipping
Switching build target platform(2) subTarget(0) extendedPlatform(0) -> platform(9) subTarget(16777218) extendedPlatform(0)
Shader 'Universal Render Pipeline/Particles/Lit': fallback shader 'Universal Render Pipeline/Particles/SimpleLit' not found
Shader 'Universal Render Pipeline/Particles/Lit': fallback shader 'Universal Render Pipeline/Particles/SimpleLit' not found
Refreshing native plugins compatible for Editor in 0.64 ms, found 1 plugins.
Preloading 0 native plugins for Editor in 0.00 ms.
Unloading 2836 Unused Serialized files (Serialized files now loaded: 0)
System memory in use before: 213.1 MB.
System memory in use after: 210.8 MB.

Unloading 48 unused Assets to reduce memory usage. Loaded Objects now: 3430.
Total: 5.692597 ms (FindLiveObjects: 0.484856 ms CreateObjectMapping: 0.162394 ms MarkObjects: 2.256250 ms  DeleteObjects: 2.787019 ms)

AssetImportParameters requested are different than current active one (requested -> active):
  custom:graphics/normal-map-encoding: 01000000000000000000000000000000 -> 02000000000000000000000000000000
========================================================================
Received Prepare
Registering precompiled user dll's ...
Registered in 0.003424 seconds.
Begin MonoManager ReloadAssembly
Native extension for OSXStandalone target not found
Refreshing native plugins compatible for Editor in 0.85 ms, found 1 plugins.
Preloading 0 native plugins for Editor in 0.00 ms.
Invoked RoslynAnalysisRunner static constructor.
RoslynAnalysisRunner will not be running.
RoslynAnalysisRunner has terminated.
Mono: successfully reloaded assembly
- Completed reload, in  1.774 seconds
Platform modules already initialized, skipping
Switching build target platform(2) subTarget(0) extendedPlatform(0) -> platform(9) subTarget(16777218) extendedPlatform(0)
Shader 'Universal Render Pipeline/Particles/Lit': fallback shader 'Universal Render Pipeline/Particles/SimpleLit' not found
Shader 'Universal Render Pipeline/Particles/Lit': fallback shader 'Universal Render Pipeline/Particles/SimpleLit' not found
Refreshing native plugins compatible for Editor in 0.60 ms, found 1 plugins.
Preloading 0 native plugins for Editor in 0.00 ms.
Unloading 2836 Unused Serialized files (Serialized files now loaded: 0)
System memory in use before: 213.8 MB.
System memory in use after: 211.5 MB.

Unloading 48 unused Assets to reduce memory usage. Loaded Objects now: 3433.
Total: 5.904602 ms (FindLiveObjects: 0.731260 ms CreateObjectMapping: 0.232838 ms MarkObjects: 2.702258 ms  DeleteObjects: 2.235292 ms)

AssetImportParameters requested are different than current active one (requested -> active):
  custom:graphics/normal-map-encoding: 01000000000000000000000000000000 -> 02000000000000000000000000000000
========================================================================
Received Import Request.
  Time since last request: 8466.866746 seconds.
  path: Assets/POLYGONCityCharacters
  artifactKey: Guid(e8c4d0316ca1e4258bb80ba9a767a6e0) Importer(815301076,1909f56bfc062723c751e8b465ee728b)
Start importing Assets/POLYGONCityCharacters using Guid(e8c4d0316ca1e4258bb80ba9a767a6e0) Importer(815301076,1909f56bfc062723c751e8b465ee728b)  -> (artifact id: 'b053847537364d41c5dbb592f092cdea') in 0.080671 seconds
  Import took 0.146008 seconds .

========================================================================
Received Import Request.
  Time since last request: 3.080821 seconds.
  path: Assets/POLYGONCityCharacters/Materials
  artifactKey: Guid(769eef2d350d64411a2b2b0517d5d4ea) Importer(815301076,1909f56bfc062723c751e8b465ee728b)
Start importing Assets/POLYGONCityCharacters/Materials using Guid(769eef2d350d64411a2b2b0517d5d4ea) Importer(815301076,1909f56bfc062723c751e8b465ee728b)  -> (artifact id: '4f1559d05093c198fd7b91409d5bf90a') in 0.001904 seconds
  Import took 0.009337 seconds .

========================================================================
Received Import Request.
  Time since last request: 0.012778 seconds.
  path: Assets/POLYGONCityCharacters/Materials
  artifactKey: Guid(769eef2d350d64411a2b2b0517d5d4ea) Importer(815301076,1909f56bfc062723c751e8b465ee728b)
Start importing Assets/POLYGONCityCharacters/Materials using Guid(769eef2d350d64411a2b2b0517d5d4ea) Importer(815301076,1909f56bfc062723c751e8b465ee728b)  -> (artifact id: '4f1559d05093c198fd7b91409d5bf90a') in 0.002926 seconds
  Import took 0.022450 seconds .

========================================================================
Received Import Request.
  Time since last request: 0.066739 seconds.
  path: Assets/POLYGONCityCharacters/Materials/Polygon_City_Characters_Mat_01_A.mat
  artifactKey: Guid(7d1c46152c97f4c4bbfe7d5e4596c95e) Importer(815301076,1909f56bfc062723c751e8b465ee728b)
Start importing Assets/POLYGONCityCharacters/Materials/Polygon_City_Characters_Mat_01_A.mat using Guid(7d1c46152c97f4c4bbfe7d5e4596c95e) Importer(815301076,1909f56bfc062723c751e8b465ee728b)  -> (artifact id: 'f7b02052187c799d88e708a3783b8263') in 1.630989 seconds
  Import took 1.640863 seconds .

========================================================================
Received Import Request.
  Time since last request: 17.020420 seconds.
  path: Assets/POLYGONCityCharacters/Models
  artifactKey: Guid(7ab04f10f81fb4f1c8e734f675f1ce04) Importer(815301076,1909f56bfc062723c751e8b465ee728b)
Start importing Assets/POLYGONCityCharacters/Models using Guid(7ab04f10f81fb4f1c8e734f675f1ce04) Importer(815301076,1909f56bfc062723c751e8b465ee728b)  -> (artifact id: 'd78ae92e4b869cd2054a6756862b340f') in 0.008111 seconds
  Import took 0.024801 seconds .

========================================================================
Received Import Request.
  Time since last request: 0.088178 seconds.
  path: Assets/POLYGONCityCharacters/Models/Character.fbx
  artifactKey: Guid(4a5a8c8ff5d6d2e48ab8d2b27100cf57) Importer(815301076,1909f56bfc062723c751e8b465ee728b)
Start importing Assets/POLYGONCityCharacters/Models/Character.fbx using Guid(4a5a8c8ff5d6d2e48ab8d2b27100cf57) Importer(815301076,1909f56bfc062723c751e8b465ee728b)  -> (artifact id: '2e7be5370b9db070f858302a16021074') in 1.216547 seconds
  Import took 1.242811 seconds .

========================================================================
Received Import Request.
  Time since last request: 0.006741 seconds.
  path: Assets/POLYGONCityCharacters/Models/Character.fbx
  artifactKey: Guid(4a5a8c8ff5d6d2e48ab8d2b27100cf57) Importer(815301076,1909f56bfc062723c751e8b465ee728b)
Start importing Assets/POLYGONCityCharacters/Models/Character.fbx using Guid(4a5a8c8ff5d6d2e48ab8d2b27100cf57) Importer(815301076,1909f56bfc062723c751e8b465ee728b)  -> (artifact id: '2e7be5370b9db070f858302a16021074') in 0.344602 seconds
  Import took 0.352911 seconds .

